生成启动时间为 2017/6/30 16:03:28。
     1>项目“F:\C Projects\ZTCompiler\ZTCompiler\ZTCompiler.vcxproj”在节点 2 上(Build 个目标)。
     1>ClCompile:
         E:\Visual Studio\VC\bin\CL.exe /c /ZI /nologo /W3 /WX- /sdl /Od /Oy- /D WIN32 /D _DEBUG /D _CONSOLE /D _UNICODE /D UNICODE /Gm /EHsc /RTC1 /MDd /GS /fp:precise /Zc:wchar_t /Zc:forScope /Zc:inline /Fo"Debug\\" /Fd"Debug\vc140.pdb" /Gd /TP /analyze- /errorReport:prompt Scanner.cpp Parser.cpp Token.cpp TokenizerTest.cpp
         TokenizerTest.cpp
     1>f:\c projects\ztcompiler\ztcompiler\tokenizertest.cpp(1): fatal error C1083: 无法打开包括文件: “LexicalAnalysis.h”: No such file or directory
         Token.cpp
     1>f:\c projects\ztcompiler\ztcompiler\memorypool.h(22): warning C4018: “<”: 有符号/无符号不匹配
     1>f:\c projects\ztcompiler\ztcompiler\token.h(35): error C2086: “ztCompiler::TokenAttr CHAR”: 重定义
         f:\c projects\ztcompiler\ztcompiler\token.h(32): note: 参见“CHAR”的声明
     1>f:\c projects\ztcompiler\ztcompiler\token.h(50): error C2086: “ztCompiler::TokenAttr VOID”: 重定义
         f:\c projects\ztcompiler\ztcompiler\token.h(29): note: 参见“VOID”的声明
     1>f:\c projects\ztcompiler\ztcompiler\token.h(135): warning C4553: “==”: 运算符不起任何作用；是否是有意使用“=”的?
         Parser.cpp
     1>f:\c projects\ztcompiler\ztcompiler\parser.cpp(4): warning C4018: “<”: 有符号/无符号不匹配
     1>f:\c projects\ztcompiler\ztcompiler\parser.cpp(12): warning C4018: “<”: 有符号/无符号不匹配
     1>f:\c projects\ztcompiler\ztcompiler\parser.cpp(20): error C2143: 语法错误: 缺少“;”(在“}”的前面)
     1>f:\c projects\ztcompiler\ztcompiler\parser.cpp(20): error C2182: “base_node”: 非法使用“void”类型
         Scanner.cpp
     1>f:\c projects\ztcompiler\ztcompiler\memorypool.h(22): warning C4018: “<”: 有符号/无符号不匹配
     1>f:\c projects\ztcompiler\ztcompiler\token.h(35): error C2086: “ztCompiler::TokenAttr CHAR”: 重定义
         f:\c projects\ztcompiler\ztcompiler\token.h(32): note: 参见“CHAR”的声明
     1>f:\c projects\ztcompiler\ztcompiler\token.h(50): error C2086: “ztCompiler::TokenAttr VOID”: 重定义
         f:\c projects\ztcompiler\ztcompiler\token.h(29): note: 参见“VOID”的声明
     1>f:\c projects\ztcompiler\ztcompiler\token.h(135): warning C4553: “==”: 运算符不起任何作用；是否是有意使用“=”的?
     1>f:\c projects\ztcompiler\ztcompiler\scanner.h(28): error C3861: “contains”: 找不到标识符
     1>f:\c projects\ztcompiler\ztcompiler\scanner.cpp(4): error C2084: 函数“void ztCompiler::scanner::tokenize(ztCompiler::tokens)”已有主体
         f:\c projects\ztcompiler\ztcompiler\scanner.h(29): note: 参见“tokenize”的前一个定义
     1>f:\c projects\ztcompiler\ztcompiler\scanner.cpp(61): warning C4129: “/”: 不可识别的字符转义序列
     1>f:\c projects\ztcompiler\ztcompiler\scanner.cpp(79): error C2561: “ztCompiler::scanner::skip_comment”: 函数必须返回值
         f:\c projects\ztcompiler\ztcompiler\scanner.cpp(73): note: 参见“ztCompiler::scanner::skip_comment”的声明
     1>f:\c projects\ztcompiler\ztcompiler\scanner.cpp(83): error C2561: “ztCompiler::scanner::skip_comment”: 函数必须返回值
         f:\c projects\ztcompiler\ztcompiler\scanner.cpp(73): note: 参见“ztCompiler::scanner::skip_comment”的声明
     1>f:\c projects\ztcompiler\ztcompiler\scanner.cpp(88): error C2561: “ztCompiler::scanner::skip_comment”: 函数必须返回值
         f:\c projects\ztcompiler\ztcompiler\scanner.cpp(73): note: 参见“ztCompiler::scanner::skip_comment”的声明
     1>f:\c projects\ztcompiler\ztcompiler\scanner.cpp(95): error C2561: “ztCompiler::scanner::skip_comment”: 函数必须返回值
         f:\c projects\ztcompiler\ztcompiler\scanner.cpp(73): note: 参见“ztCompiler::scanner::skip_comment”的声明
     1>f:\c projects\ztcompiler\ztcompiler\scanner.cpp(100): error C2561: “ztCompiler::scanner::skip_comment”: 函数必须返回值
         f:\c projects\ztcompiler\ztcompiler\scanner.cpp(73): note: 参见“ztCompiler::scanner::skip_comment”的声明
     1>f:\c projects\ztcompiler\ztcompiler\scanner.cpp(104): error C2561: “ztCompiler::scanner::skip_comment”: 函数必须返回值
         f:\c projects\ztcompiler\ztcompiler\scanner.cpp(73): note: 参见“ztCompiler::scanner::skip_comment”的声明
     1>f:\c projects\ztcompiler\ztcompiler\scanner.cpp(107): error C2561: “ztCompiler::scanner::skip_comment”: 函数必须返回值
         f:\c projects\ztcompiler\ztcompiler\scanner.cpp(73): note: 参见“ztCompiler::scanner::skip_comment”的声明
     1>f:\c projects\ztcompiler\ztcompiler\scanner.cpp(145): error C2561: “ztCompiler::scanner::scan_number”: 函数必须返回值
         f:\c projects\ztcompiler\ztcompiler\scanner.cpp(136): note: 参见“ztCompiler::scanner::scan_number”的声明
     1>f:\c projects\ztcompiler\ztcompiler\scanner.cpp(153): error C2561: “ztCompiler::scanner::scan_number”: 函数必须返回值
         f:\c projects\ztcompiler\ztcompiler\scanner.cpp(136): note: 参见“ztCompiler::scanner::scan_number”的声明
     1>f:\c projects\ztcompiler\ztcompiler\scanner.cpp(164): error C3861: “contains”: 找不到标识符
     1>f:\c projects\ztcompiler\ztcompiler\scanner.cpp(167): error C2143: 语法错误: 缺少“)”(在“}”的前面)
     1>f:\c projects\ztcompiler\ztcompiler\scanner.cpp(167): error C2059: 语法错误:“}”
     1>f:\c projects\ztcompiler\ztcompiler\scanner.cpp(167): warning C4390: “;”: 找到空的受控语句；这是否是有意的?
         正在生成代码...
     1>已完成生成项目“F:\C Projects\ZTCompiler\ZTCompiler\ZTCompiler.vcxproj”(Build 个目标)的操作 - 失败。

生成失败。

已用时间 00:00:10.06
