生成启动时间为 2017/5/25 22:53:42。
     1>项目“F:\C Projects\ZTCompiler\ZTCompiler\ZTCompiler.vcxproj”在节点 2 上(Build 个目标)。
     1>ClCompile:
         E:\Visual Studio\VC\bin\CL.exe /c /ZI /nologo /W3 /WX- /sdl /Od /Oy- /D WIN32 /D _DEBUG /D _CONSOLE /D _UNICODE /D UNICODE /Gm /EHsc /RTC1 /MDd /GS /fp:precise /Zc:wchar_t /Zc:forScope /Zc:inline /Fo"Debug\\" /Fd"Debug\vc140.pdb" /Gd /TP /analyze- /errorReport:prompt Token.cpp
         Token.cpp
       Link:
         E:\Visual Studio\VC\bin\link.exe /ERRORREPORT:PROMPT /OUT:"F:\C Projects\ZTCompiler\Debug\ztCompiler.exe" /INCREMENTAL /NOLOGO kernel32.lib user32.lib gdi32.lib winspool.lib comdlg32.lib advapi32.lib shell32.lib ole32.lib oleaut32.lib uuid.lib odbc32.lib odbccp32.lib /MANIFEST /MANIFESTUAC:"level='asInvoker' uiAccess='false'" /manifest:embed /Debug /PDB:"F:\C Projects\ZTCompiler\Debug\ztCompiler.pdb" /SUBSYSTEM:CONSOLE /TLBID:1 /DYNAMICBASE /NXCOMPAT /IMPLIB:"F:\C Projects\ZTCompiler\Debug\ztCompiler.lib" /MACHINE:X86 Debug\Token.obj
     1>MSVCRTD.lib(exe_main.obj) : error LNK2019: 无法解析的外部符号 _main，该符号在函数 "int __cdecl invoke_main(void)" (?invoke_main@@YAHXZ) 中被引用
     1>F:\C Projects\ZTCompiler\Debug\ztCompiler.exe : fatal error LNK1120: 1 个无法解析的外部命令
     1>已完成生成项目“F:\C Projects\ZTCompiler\ZTCompiler\ZTCompiler.vcxproj”(Build 个目标)的操作 - 失败。

生成失败。

已用时间 00:00:06.21
